{"/Users/andrii_zakharchenko/Projects/vue-program/src/App.vue": {"path":"/Users/andrii_zakharchenko/Projects/vue-program/src/App.vue","statementMap":{"0":{"start":{"line":14,"column":0},"end":{"line":14,"column":null}},"1":{"start":{"line":15,"column":0},"end":{"line":15,"column":null}}},"fnMap":{},"branchMap":{},"s":{"0":0,"1":0},"f":{},"b":{}}
,"/Users/andrii_zakharchenko/Projects/vue-program/src/main.js": {"data":{"path":"/Users/andrii_zakharchenko/Projects/vue-program/src/main.js","statementMap":{"0":{"start":{"line":11,"column":0},"end":{"line":11,"column":33}},"1":{"start":{"line":12,"column":0},"end":{"line":12,"column":21}},"2":{"start":{"line":13,"column":0},"end":{"line":13,"column":29}},"3":{"start":{"line":14,"column":0},"end":{"line":14,"column":18}},"4":{"start":{"line":16,"column":0},"end":{"line":20,"column":18}},"5":{"start":{"line":19,"column":17},"end":{"line":19,"column":23}}},"fnMap":{"0":{"name":"(anonymous_0)","decl":{"start":{"line":19,"column":10},"end":{"line":19,"column":11}},"loc":{"start":{"line":19,"column":17},"end":{"line":19,"column":23}},"line":19}},"branchMap":{},"s":{"0":0,"1":0,"2":0,"3":0,"4":0,"5":0},"f":{"0":0},"b":{},"hash":"c14ae428ef9f3193f59732cd4e153213df977534"}}
,"/Users/andrii_zakharchenko/Projects/vue-program/src/components/TheButton.vue": {"path":"/Users/andrii_zakharchenko/Projects/vue-program/src/components/TheButton.vue","statementMap":{"0":{"start":{"line":15,"column":0},"end":{"line":15,"column":null}}},"fnMap":{"0":{"name":"(anonymous_1)","decl":{"start":{"line":15,"column":0},"end":{"line":15,"column":null}},"loc":{"start":{"line":15,"column":0},"end":{"line":15,"column":null}}}},"branchMap":{},"s":{"0":5},"f":{"0":5},"b":{}}
,"/Users/andrii_zakharchenko/Projects/vue-program/src/components/TheCard.vue": {"path":"/Users/andrii_zakharchenko/Projects/vue-program/src/components/TheCard.vue","statementMap":{"0":{"start":{"line":43,"column":0},"end":{"line":43,"column":null}},"1":{"start":{"line":52,"column":0},"end":{"line":52,"column":null}},"2":{"start":{"line":53,"column":0},"end":{"line":53,"column":null}},"3":{"start":{"line":56,"column":0},"end":{"line":56,"column":null}},"4":{"start":{"line":57,"column":0},"end":{"line":57,"column":null}},"5":{"start":{"line":60,"column":0},"end":{"line":60,"column":null}},"6":{"start":{"line":65,"column":0},"end":{"line":65,"column":null}}},"fnMap":{"0":{"name":"(anonymous_1)","decl":{"start":{"line":43,"column":0},"end":{"line":43,"column":null}},"loc":{"start":{"line":43,"column":0},"end":{"line":43,"column":null}}},"1":{"name":"(anonymous_2)","decl":{"start":{"line":51,"column":0},"end":{"line":51,"column":null}},"loc":{"start":{"line":51,"column":0},"end":{"line":54,"column":null}}},"2":{"name":"(anonymous_3)","decl":{"start":{"line":55,"column":0},"end":{"line":55,"column":null}},"loc":{"start":{"line":55,"column":0},"end":{"line":58,"column":null}}},"3":{"name":"(anonymous_4)","decl":{"start":{"line":59,"column":0},"end":{"line":59,"column":null}},"loc":{"start":{"line":59,"column":0},"end":{"line":61,"column":null}}},"4":{"name":"(anonymous_5)","decl":{"start":{"line":64,"column":0},"end":{"line":64,"column":null}},"loc":{"start":{"line":64,"column":0},"end":{"line":70,"column":null}}}},"branchMap":{"0":{"loc":{"start":{"line":52,"column":0},"end":{"line":52,"column":null}},"type":"binary-expr","locations":[{"start":{"line":52,"column":0},"end":{"line":52,"column":null}},{"start":{"line":52,"column":0},"end":{"line":52,"column":null}}]},"1":{"loc":{"start":{"line":56,"column":0},"end":{"line":56,"column":null}},"type":"binary-expr","locations":[{"start":{"line":56,"column":0},"end":{"line":56,"column":null}},{"start":{"line":56,"column":0},"end":{"line":56,"column":null}}]}},"s":{"0":0,"1":17,"2":17,"3":17,"4":17,"5":9,"6":0},"f":{"0":0,"1":17,"2":17,"3":9,"4":0},"b":{"0":[17,0],"1":[17,0]}}
,"/Users/andrii_zakharchenko/Projects/vue-program/src/components/TheFooter.vue": {"path":"/Users/andrii_zakharchenko/Projects/vue-program/src/components/TheFooter.vue","statementMap":{"0":{"start":{"line":10,"column":0},"end":{"line":10,"column":null}}},"fnMap":{},"branchMap":{},"s":{"0":0},"f":{},"b":{}}
,"/Users/andrii_zakharchenko/Projects/vue-program/src/components/TheHeader.vue": {"path":"/Users/andrii_zakharchenko/Projects/vue-program/src/components/TheHeader.vue","statementMap":{"0":{"start":{"line":13,"column":0},"end":{"line":13,"column":null}}},"fnMap":{},"branchMap":{},"s":{"0":0},"f":{},"b":{}}
,"/Users/andrii_zakharchenko/Projects/vue-program/src/components/TheInput.vue": {"path":"/Users/andrii_zakharchenko/Projects/vue-program/src/components/TheInput.vue","statementMap":{"0":{"start":{"line":18,"column":0},"end":{"line":18,"column":null}},"1":{"start":{"line":20,"column":0},"end":{"line":20,"column":null}},"2":{"start":{"line":23,"column":0},"end":{"line":23,"column":null}}},"fnMap":{"0":{"name":"(anonymous_1)","decl":{"start":{"line":17,"column":0},"end":{"line":17,"column":null}},"loc":{"start":{"line":17,"column":0},"end":{"line":26,"column":null}}},"1":{"name":"(anonymous_2)","decl":{"start":{"line":22,"column":0},"end":{"line":22,"column":null}},"loc":{"start":{"line":22,"column":0},"end":{"line":24,"column":null}}}},"branchMap":{},"s":{"0":2,"1":2,"2":1},"f":{"0":2,"1":1},"b":{}}
,"/Users/andrii_zakharchenko/Projects/vue-program/src/components/ThePagination.vue": {"path":"/Users/andrii_zakharchenko/Projects/vue-program/src/components/ThePagination.vue","statementMap":{"0":{"start":{"line":74,"column":0},"end":{"line":74,"column":null}},"1":{"start":{"line":77,"column":0},"end":{"line":77,"column":null}},"2":{"start":{"line":81,"column":0},"end":{"line":81,"column":null}},"3":{"start":{"line":83,"column":0},"end":{"line":83,"column":null}},"4":{"start":{"line":84,"column":0},"end":{"line":84,"column":null}},"5":{"start":{"line":87,"column":0},"end":{"line":87,"column":null}},"6":{"start":{"line":90,"column":0},"end":{"line":90,"column":null}},"7":{"start":{"line":91,"column":0},"end":{"line":91,"column":null}},"8":{"start":{"line":93,"column":0},"end":{"line":93,"column":null}},"9":{"start":{"line":96,"column":0},"end":{"line":96,"column":null}},"10":{"start":{"line":98,"column":0},"end":{"line":100,"column":null}},"11":{"start":{"line":98,"column":0},"end":{"line":98,"column":null}},"12":{"start":{"line":99,"column":0},"end":{"line":99,"column":null}},"13":{"start":{"line":102,"column":0},"end":{"line":102,"column":null}},"14":{"start":{"line":107,"column":0},"end":{"line":107,"column":null}},"15":{"start":{"line":110,"column":0},"end":{"line":110,"column":null}},"16":{"start":{"line":112,"column":0},"end":{"line":112,"column":null}},"17":{"start":{"line":113,"column":0},"end":{"line":113,"column":null}},"18":{"start":{"line":115,"column":0},"end":{"line":117,"column":null}},"19":{"start":{"line":116,"column":0},"end":{"line":116,"column":null}},"20":{"start":{"line":118,"column":0},"end":{"line":118,"column":null}},"21":{"start":{"line":119,"column":0},"end":{"line":119,"column":null}},"22":{"start":{"line":121,"column":0},"end":{"line":121,"column":null}},"23":{"start":{"line":122,"column":0},"end":{"line":124,"column":null}},"24":{"start":{"line":123,"column":0},"end":{"line":123,"column":null}},"25":{"start":{"line":125,"column":0},"end":{"line":125,"column":null}},"26":{"start":{"line":126,"column":0},"end":{"line":126,"column":null}},"27":{"start":{"line":128,"column":0},"end":{"line":128,"column":null}},"28":{"start":{"line":129,"column":0},"end":{"line":129,"column":null}},"29":{"start":{"line":131,"column":0},"end":{"line":131,"column":null}}},"fnMap":{"0":{"name":"(anonymous_1)","decl":{"start":{"line":73,"column":0},"end":{"line":73,"column":null}},"loc":{"start":{"line":73,"column":0},"end":{"line":75,"column":null}}},"1":{"name":"(anonymous_2)","decl":{"start":{"line":76,"column":0},"end":{"line":76,"column":null}},"loc":{"start":{"line":76,"column":0},"end":{"line":78,"column":null}}},"2":{"name":"(anonymous_3)","decl":{"start":{"line":79,"column":0},"end":{"line":79,"column":null}},"loc":{"start":{"line":79,"column":0},"end":{"line":88,"column":null}}},"3":{"name":"(anonymous_4)","decl":{"start":{"line":89,"column":0},"end":{"line":89,"column":null}},"loc":{"start":{"line":89,"column":0},"end":{"line":94,"column":null}}},"4":{"name":"(anonymous_5)","decl":{"start":{"line":95,"column":0},"end":{"line":95,"column":null}},"loc":{"start":{"line":95,"column":0},"end":{"line":103,"column":null}}},"5":{"name":"(anonymous_6)","decl":{"start":{"line":106,"column":0},"end":{"line":106,"column":null}},"loc":{"start":{"line":106,"column":0},"end":{"line":108,"column":null}}},"6":{"name":"(anonymous_7)","decl":{"start":{"line":109,"column":0},"end":{"line":109,"column":null}},"loc":{"start":{"line":109,"column":0},"end":{"line":133,"column":null}}}},"branchMap":{"0":{"loc":{"start":{"line":81,"column":0},"end":{"line":81,"column":null}},"type":"if","locations":[{"start":{"line":81,"column":0},"end":{"line":81,"column":null}},{"start":{"line":81,"column":0},"end":{"line":81,"column":null}}]},"1":{"loc":{"start":{"line":83,"column":0},"end":{"line":83,"column":null}},"type":"if","locations":[{"start":{"line":83,"column":0},"end":{"line":83,"column":null}},{"start":{"line":83,"column":0},"end":{"line":83,"column":null}}]},"2":{"loc":{"start":{"line":84,"column":0},"end":{"line":84,"column":null}},"type":"if","locations":[{"start":{"line":84,"column":0},"end":{"line":84,"column":null}},{"start":{"line":84,"column":0},"end":{"line":84,"column":null}}]},"3":{"loc":{"start":{"line":90,"column":0},"end":{"line":90,"column":null}},"type":"if","locations":[{"start":{"line":90,"column":0},"end":{"line":90,"column":null}},{"start":{"line":90,"column":0},"end":{"line":90,"column":null}}]},"4":{"loc":{"start":{"line":91,"column":0},"end":{"line":91,"column":null}},"type":"if","locations":[{"start":{"line":91,"column":0},"end":{"line":91,"column":null}},{"start":{"line":91,"column":0},"end":{"line":91,"column":null}}]},"5":{"loc":{"start":{"line":111,"column":0},"end":{"line":113,"column":null}},"type":"switch","locations":[{"start":{"line":111,"column":0},"end":{"line":113,"column":null}},{"start":{"line":114,"column":0},"end":{"line":119,"column":null}},{"start":{"line":120,"column":0},"end":{"line":126,"column":null}},{"start":{"line":127,"column":0},"end":{"line":129,"column":null}},{"start":{"line":130,"column":0},"end":{"line":131,"column":null}}]},"6":{"loc":{"start":{"line":115,"column":0},"end":{"line":117,"column":null}},"type":"if","locations":[{"start":{"line":115,"column":0},"end":{"line":117,"column":null}},{"start":{"line":115,"column":0},"end":{"line":117,"column":null}}]},"7":{"loc":{"start":{"line":122,"column":0},"end":{"line":124,"column":null}},"type":"if","locations":[{"start":{"line":122,"column":0},"end":{"line":124,"column":null}},{"start":{"line":122,"column":0},"end":{"line":124,"column":null}}]}},"s":{"0":14,"1":15,"2":25,"3":3,"4":5,"5":1,"6":16,"7":17,"8":15,"9":16,"10":16,"11":16,"12":75,"13":16,"14":80,"15":1,"16":0,"17":0,"18":0,"19":0,"20":0,"21":0,"22":0,"23":0,"24":0,"25":0,"26":0,"27":0,"28":0,"29":1},"f":{"0":14,"1":15,"2":14,"3":16,"4":16,"5":80,"6":1},"b":{"0":[25,7],"1":[0,3],"2":[2,1],"3":[0,16],"4":[1,15],"5":[0,0,0,0,1],"6":[0,0],"7":[0,0]}}
,"/Users/andrii_zakharchenko/Projects/vue-program/src/pages/film.vue": {"path":"/Users/andrii_zakharchenko/Projects/vue-program/src/pages/film.vue","statementMap":{"0":{"start":{"line":42,"column":0},"end":{"line":42,"column":null}},"1":{"start":{"line":43,"column":0},"end":{"line":43,"column":null}},"2":{"start":{"line":44,"column":0},"end":{"line":44,"column":null}},"3":{"start":{"line":45,"column":0},"end":{"line":45,"column":null}},"4":{"start":{"line":54,"column":0},"end":{"line":58,"column":null}},"5":{"start":{"line":57,"column":0},"end":{"line":57,"column":null}},"6":{"start":{"line":63,"column":0},"end":{"line":63,"column":null}},"7":{"start":{"line":64,"column":0},"end":{"line":64,"column":null}},"8":{"start":{"line":67,"column":0},"end":{"line":67,"column":null}},"9":{"start":{"line":68,"column":0},"end":{"line":68,"column":null}},"10":{"start":{"line":73,"column":0},"end":{"line":73,"column":null}},"11":{"start":{"line":82,"column":0},"end":{"line":90,"column":null}},"12":{"start":{"line":89,"column":0},"end":{"line":89,"column":null}}},"fnMap":{"0":{"name":"(anonymous_1)","decl":{"start":{"line":53,"column":0},"end":{"line":53,"column":null}},"loc":{"start":{"line":53,"column":0},"end":{"line":59,"column":null}}},"1":{"name":"(anonymous_2)","decl":{"start":{"line":54,"column":0},"end":{"line":54,"column":null}},"loc":{"start":{"line":54,"column":0},"end":{"line":54,"column":null}}},"2":{"name":"(anonymous_4)","decl":{"start":{"line":63,"column":0},"end":{"line":63,"column":null}},"loc":{"start":{"line":63,"column":0},"end":{"line":63,"column":null}}},"3":{"name":"(anonymous_5)","decl":{"start":{"line":64,"column":0},"end":{"line":64,"column":null}},"loc":{"start":{"line":64,"column":0},"end":{"line":64,"column":null}}},"4":{"name":"(anonymous_6)","decl":{"start":{"line":66,"column":0},"end":{"line":66,"column":null}},"loc":{"start":{"line":66,"column":0},"end":{"line":69,"column":null}}},"5":{"name":"(anonymous_7)","decl":{"start":{"line":72,"column":0},"end":{"line":72,"column":null}},"loc":{"start":{"line":72,"column":0},"end":{"line":74,"column":null}}},"6":{"name":"(anonymous_8)","decl":{"start":{"line":81,"column":0},"end":{"line":81,"column":null}},"loc":{"start":{"line":81,"column":0},"end":{"line":91,"column":null}}},"7":{"name":"(anonymous_9)","decl":{"start":{"line":82,"column":0},"end":{"line":82,"column":null}},"loc":{"start":{"line":82,"column":0},"end":{"line":82,"column":null}}}},"branchMap":{"0":{"loc":{"start":{"line":67,"column":0},"end":{"line":67,"column":null}},"type":"binary-expr","locations":[{"start":{"line":67,"column":0},"end":{"line":67,"column":null}},{"start":{"line":67,"column":0},"end":{"line":67,"column":null}}]}},"s":{"0":1,"1":1,"2":1,"3":1,"4":4,"5":0,"6":4,"7":4,"8":4,"9":4,"10":0,"11":0,"12":0},"f":{"0":4,"1":4,"2":4,"3":4,"4":4,"5":0,"6":0,"7":0},"b":{"0":[4,0]}}
,"/Users/andrii_zakharchenko/Projects/vue-program/src/pages/home.vue": {"path":"/Users/andrii_zakharchenko/Projects/vue-program/src/pages/home.vue","statementMap":{"0":{"start":{"line":92,"column":0},"end":{"line":92,"column":null}},"1":{"start":{"line":93,"column":0},"end":{"line":93,"column":null}},"2":{"start":{"line":94,"column":0},"end":{"line":94,"column":null}},"3":{"start":{"line":95,"column":0},"end":{"line":95,"column":null}},"4":{"start":{"line":96,"column":0},"end":{"line":96,"column":null}},"5":{"start":{"line":97,"column":0},"end":{"line":97,"column":null}},"6":{"start":{"line":98,"column":0},"end":{"line":98,"column":null}},"7":{"start":{"line":99,"column":0},"end":{"line":99,"column":null}},"8":{"start":{"line":111,"column":0},"end":{"line":111,"column":null}},"9":{"start":{"line":114,"column":0},"end":{"line":114,"column":null}},"10":{"start":{"line":116,"column":0},"end":{"line":120,"column":null}},"11":{"start":{"line":117,"column":0},"end":{"line":117,"column":null}},"12":{"start":{"line":118,"column":0},"end":{"line":118,"column":null}},"13":{"start":{"line":119,"column":0},"end":{"line":119,"column":null}},"14":{"start":{"line":122,"column":0},"end":{"line":122,"column":null}},"15":{"start":{"line":123,"column":0},"end":{"line":123,"column":null}},"16":{"start":{"line":125,"column":0},"end":{"line":125,"column":null}},"17":{"start":{"line":132,"column":0},"end":{"line":132,"column":null}},"18":{"start":{"line":133,"column":0},"end":{"line":133,"column":null}},"19":{"start":{"line":134,"column":0},"end":{"line":134,"column":null}},"20":{"start":{"line":135,"column":0},"end":{"line":135,"column":null}},"21":{"start":{"line":139,"column":0},"end":{"line":139,"column":null}},"22":{"start":{"line":142,"column":0},"end":{"line":142,"column":null}},"23":{"start":{"line":147,"column":0},"end":{"line":147,"column":null}},"24":{"start":{"line":150,"column":0},"end":{"line":150,"column":null}},"25":{"start":{"line":154,"column":0},"end":{"line":156,"column":null}},"26":{"start":{"line":155,"column":0},"end":{"line":155,"column":null}},"27":{"start":{"line":158,"column":0},"end":{"line":158,"column":null}},"28":{"start":{"line":161,"column":0},"end":{"line":161,"column":null}},"29":{"start":{"line":175,"column":0},"end":{"line":175,"column":null}},"30":{"start":{"line":177,"column":0},"end":{"line":181,"column":null}},"31":{"start":{"line":178,"column":0},"end":{"line":178,"column":null}},"32":{"start":{"line":180,"column":0},"end":{"line":180,"column":null}},"33":{"start":{"line":183,"column":0},"end":{"line":183,"column":null}},"34":{"start":{"line":186,"column":0},"end":{"line":186,"column":null}},"35":{"start":{"line":188,"column":0},"end":{"line":190,"column":null}},"36":{"start":{"line":189,"column":0},"end":{"line":189,"column":null}},"37":{"start":{"line":192,"column":0},"end":{"line":192,"column":null}},"38":{"start":{"line":195,"column":0},"end":{"line":197,"column":null}},"39":{"start":{"line":196,"column":0},"end":{"line":196,"column":null}},"40":{"start":{"line":198,"column":0},"end":{"line":200,"column":null}},"41":{"start":{"line":199,"column":0},"end":{"line":199,"column":null}},"42":{"start":{"line":202,"column":0},"end":{"line":202,"column":null}},"43":{"start":{"line":206,"column":0},"end":{"line":206,"column":null}},"44":{"start":{"line":209,"column":0},"end":{"line":209,"column":null}},"45":{"start":{"line":217,"column":0},"end":{"line":223,"column":null}},"46":{"start":{"line":219,"column":0},"end":{"line":219,"column":null}},"47":{"start":{"line":222,"column":0},"end":{"line":222,"column":null}},"48":{"start":{"line":227,"column":0},"end":{"line":227,"column":null}},"49":{"start":{"line":239,"column":0},"end":{"line":239,"column":null}},"50":{"start":{"line":240,"column":0},"end":{"line":240,"column":null}},"51":{"start":{"line":241,"column":0},"end":{"line":241,"column":null}},"52":{"start":{"line":244,"column":0},"end":{"line":244,"column":null}}},"fnMap":{"0":{"name":"(anonymous_1)","decl":{"start":{"line":110,"column":0},"end":{"line":110,"column":null}},"loc":{"start":{"line":110,"column":0},"end":{"line":124,"column":null}}},"1":{"name":"(anonymous_2)","decl":{"start":{"line":125,"column":0},"end":{"line":125,"column":null}},"loc":{"start":{"line":125,"column":0},"end":{"line":125,"column":null}}},"2":{"name":"(anonymous_3)","decl":{"start":{"line":132,"column":0},"end":{"line":132,"column":null}},"loc":{"start":{"line":132,"column":0},"end":{"line":132,"column":null}}},"3":{"name":"(anonymous_4)","decl":{"start":{"line":133,"column":0},"end":{"line":133,"column":null}},"loc":{"start":{"line":133,"column":0},"end":{"line":133,"column":null}}},"4":{"name":"(anonymous_5)","decl":{"start":{"line":134,"column":0},"end":{"line":134,"column":null}},"loc":{"start":{"line":134,"column":0},"end":{"line":134,"column":null}}},"5":{"name":"(anonymous_6)","decl":{"start":{"line":135,"column":0},"end":{"line":135,"column":null}},"loc":{"start":{"line":135,"column":0},"end":{"line":135,"column":null}}},"6":{"name":"(anonymous_7)","decl":{"start":{"line":138,"column":0},"end":{"line":138,"column":null}},"loc":{"start":{"line":138,"column":0},"end":{"line":140,"column":null}}},"7":{"name":"(anonymous_8)","decl":{"start":{"line":141,"column":0},"end":{"line":141,"column":null}},"loc":{"start":{"line":141,"column":0},"end":{"line":143,"column":null}}},"8":{"name":"(anonymous_9)","decl":{"start":{"line":146,"column":0},"end":{"line":146,"column":null}},"loc":{"start":{"line":146,"column":0},"end":{"line":148,"column":null}}},"9":{"name":"(anonymous_10)","decl":{"start":{"line":149,"column":0},"end":{"line":149,"column":null}},"loc":{"start":{"line":149,"column":0},"end":{"line":151,"column":null}}},"10":{"name":"(anonymous_11)","decl":{"start":{"line":153,"column":0},"end":{"line":153,"column":null}},"loc":{"start":{"line":153,"column":0},"end":{"line":159,"column":null}}},"11":{"name":"(anonymous_12)","decl":{"start":{"line":160,"column":0},"end":{"line":160,"column":null}},"loc":{"start":{"line":160,"column":0},"end":{"line":162,"column":null}}},"12":{"name":"(anonymous_13)","decl":{"start":{"line":174,"column":0},"end":{"line":174,"column":null}},"loc":{"start":{"line":174,"column":0},"end":{"line":184,"column":null}}},"13":{"name":"(anonymous_14)","decl":{"start":{"line":185,"column":0},"end":{"line":185,"column":null}},"loc":{"start":{"line":185,"column":0},"end":{"line":193,"column":null}}},"14":{"name":"(anonymous_15)","decl":{"start":{"line":188,"column":0},"end":{"line":188,"column":null}},"loc":{"start":{"line":188,"column":0},"end":{"line":190,"column":null}}},"15":{"name":"(anonymous_16)","decl":{"start":{"line":194,"column":0},"end":{"line":194,"column":null}},"loc":{"start":{"line":194,"column":0},"end":{"line":203,"column":null}}},"16":{"name":"(anonymous_17)","decl":{"start":{"line":205,"column":0},"end":{"line":205,"column":null}},"loc":{"start":{"line":205,"column":0},"end":{"line":207,"column":null}}},"17":{"name":"(anonymous_18)","decl":{"start":{"line":208,"column":0},"end":{"line":208,"column":null}},"loc":{"start":{"line":208,"column":0},"end":{"line":224,"column":null}}},"18":{"name":"(anonymous_19)","decl":{"start":{"line":217,"column":0},"end":{"line":217,"column":null}},"loc":{"start":{"line":217,"column":0},"end":{"line":220,"column":null}}},"19":{"name":"(anonymous_20)","decl":{"start":{"line":220,"column":0},"end":{"line":220,"column":null}},"loc":{"start":{"line":220,"column":0},"end":{"line":223,"column":null}}},"20":{"name":"(anonymous_21)","decl":{"start":{"line":225,"column":0},"end":{"line":225,"column":null}},"loc":{"start":{"line":225,"column":0},"end":{"line":237,"column":null}}},"21":{"name":"(anonymous_22)","decl":{"start":{"line":227,"column":0},"end":{"line":227,"column":null}},"loc":{"start":{"line":227,"column":0},"end":{"line":227,"column":null}}},"22":{"name":"(anonymous_23)","decl":{"start":{"line":238,"column":0},"end":{"line":238,"column":null}},"loc":{"start":{"line":238,"column":0},"end":{"line":242,"column":null}}},"23":{"name":"(anonymous_24)","decl":{"start":{"line":243,"column":0},"end":{"line":243,"column":null}},"loc":{"start":{"line":243,"column":0},"end":{"line":249,"column":null}}}},"branchMap":{"0":{"loc":{"start":{"line":114,"column":0},"end":{"line":114,"column":null}},"type":"binary-expr","locations":[{"start":{"line":114,"column":0},"end":{"line":114,"column":null}},{"start":{"line":114,"column":0},"end":{"line":114,"column":null}}]},"1":{"loc":{"start":{"line":116,"column":0},"end":{"line":120,"column":null}},"type":"if","locations":[{"start":{"line":116,"column":0},"end":{"line":120,"column":null}},{"start":{"line":116,"column":0},"end":{"line":120,"column":null}}]},"2":{"loc":{"start":{"line":154,"column":0},"end":{"line":156,"column":null}},"type":"if","locations":[{"start":{"line":154,"column":0},"end":{"line":156,"column":null}},{"start":{"line":154,"column":0},"end":{"line":156,"column":null}}]},"3":{"loc":{"start":{"line":177,"column":0},"end":{"line":181,"column":null}},"type":"if","locations":[{"start":{"line":177,"column":0},"end":{"line":181,"column":null}},{"start":{"line":177,"column":0},"end":{"line":181,"column":null}}]},"4":{"loc":{"start":{"line":195,"column":0},"end":{"line":197,"column":null}},"type":"if","locations":[{"start":{"line":195,"column":0},"end":{"line":197,"column":null}},{"start":{"line":195,"column":0},"end":{"line":197,"column":null}}]},"5":{"loc":{"start":{"line":198,"column":0},"end":{"line":200,"column":null}},"type":"if","locations":[{"start":{"line":198,"column":0},"end":{"line":200,"column":null}},{"start":{"line":198,"column":0},"end":{"line":200,"column":null}}]}},"s":{"0":1,"1":1,"2":1,"3":1,"4":1,"5":1,"6":1,"7":1,"8":1,"9":1,"10":1,"11":0,"12":0,"13":0,"14":1,"15":1,"16":1,"17":1,"18":1,"19":1,"20":0,"21":1,"22":0,"23":1,"24":0,"25":0,"26":0,"27":0,"28":0,"29":0,"30":0,"31":0,"32":0,"33":0,"34":0,"35":0,"36":0,"37":0,"38":4,"39":2,"40":2,"41":2,"42":0,"43":0,"44":1,"45":1,"46":0,"47":0,"48":0,"49":0,"50":0,"51":0,"52":0},"f":{"0":1,"1":1,"2":1,"3":1,"4":1,"5":0,"6":1,"7":0,"8":1,"9":0,"10":0,"11":0,"12":0,"13":0,"14":0,"15":4,"16":0,"17":1,"18":0,"19":0,"20":0,"21":0,"22":0,"23":0},"b":{"0":[1,1],"1":[0,1],"2":[0,0],"3":[0,0],"4":[2,2],"5":[2,0]}}
}
