TN:
SF:/Users/andrii_zakharchenko/Projects/vue-program/src/App.vue
FNF:0
FNH:0
DA:14,0
DA:15,0
LF:2
LH:0
BRF:0
BRH:0
end_of_record
TN:
SF:/Users/andrii_zakharchenko/Projects/vue-program/src/main.js
FN:19,(anonymous_0)
FNF:1
FNH:0
FNDA:0,(anonymous_0)
DA:11,0
DA:12,0
DA:13,0
DA:14,0
DA:16,0
DA:19,0
LF:6
LH:0
BRF:0
BRH:0
end_of_record
TN:
SF:/Users/andrii_zakharchenko/Projects/vue-program/src/components/TheButton.vue
FN:15,(anonymous_1)
FNF:1
FNH:1
FNDA:5,(anonymous_1)
DA:15,5
LF:1
LH:1
BRF:0
BRH:0
end_of_record
TN:
SF:/Users/andrii_zakharchenko/Projects/vue-program/src/components/TheCard.vue
FN:43,(anonymous_1)
FN:51,(anonymous_2)
FN:55,(anonymous_3)
FN:59,(anonymous_4)
FN:64,(anonymous_5)
FNF:5
FNH:3
FNDA:0,(anonymous_1)
FNDA:17,(anonymous_2)
FNDA:17,(anonymous_3)
FNDA:9,(anonymous_4)
FNDA:0,(anonymous_5)
DA:43,0
DA:52,17
DA:53,17
DA:56,17
DA:57,17
DA:60,9
DA:65,0
LF:7
LH:5
BRDA:52,0,0,17
BRDA:52,0,1,0
BRDA:56,1,0,17
BRDA:56,1,1,0
BRF:4
BRH:2
end_of_record
TN:
SF:/Users/andrii_zakharchenko/Projects/vue-program/src/components/TheFooter.vue
FNF:0
FNH:0
DA:10,0
LF:1
LH:0
BRF:0
BRH:0
end_of_record
TN:
SF:/Users/andrii_zakharchenko/Projects/vue-program/src/components/TheHeader.vue
FNF:0
FNH:0
DA:13,0
LF:1
LH:0
BRF:0
BRH:0
end_of_record
TN:
SF:/Users/andrii_zakharchenko/Projects/vue-program/src/components/TheInput.vue
FN:17,(anonymous_1)
FN:22,(anonymous_2)
FNF:2
FNH:2
FNDA:2,(anonymous_1)
FNDA:1,(anonymous_2)
DA:18,2
DA:20,2
DA:23,1
LF:3
LH:3
BRF:0
BRH:0
end_of_record
TN:
SF:/Users/andrii_zakharchenko/Projects/vue-program/src/components/ThePagination.vue
FN:73,(anonymous_1)
FN:76,(anonymous_2)
FN:79,(anonymous_3)
FN:89,(anonymous_4)
FN:95,(anonymous_5)
FN:106,(anonymous_6)
FN:109,(anonymous_7)
FNF:7
FNH:7
FNDA:14,(anonymous_1)
FNDA:15,(anonymous_2)
FNDA:14,(anonymous_3)
FNDA:16,(anonymous_4)
FNDA:16,(anonymous_5)
FNDA:80,(anonymous_6)
FNDA:1,(anonymous_7)
DA:74,14
DA:77,15
DA:81,25
DA:83,3
DA:84,5
DA:87,1
DA:90,16
DA:91,17
DA:93,15
DA:96,16
DA:98,16
DA:99,75
DA:102,16
DA:107,80
DA:110,1
DA:112,0
DA:113,0
DA:115,0
DA:116,0
DA:118,0
DA:119,0
DA:121,0
DA:122,0
DA:123,0
DA:125,0
DA:126,0
DA:128,0
DA:129,0
DA:131,1
LF:29
LH:16
BRDA:81,0,0,25
BRDA:81,0,1,7
BRDA:83,1,0,0
BRDA:83,1,1,3
BRDA:84,2,0,2
BRDA:84,2,1,1
BRDA:90,3,0,0
BRDA:90,3,1,16
BRDA:91,4,0,1
BRDA:91,4,1,15
BRDA:111,5,0,0
BRDA:111,5,1,0
BRDA:111,5,2,0
BRDA:111,5,3,0
BRDA:111,5,4,1
BRDA:115,6,0,0
BRDA:115,6,1,0
BRDA:122,7,0,0
BRDA:122,7,1,0
BRF:19
BRH:9
end_of_record
TN:
SF:/Users/andrii_zakharchenko/Projects/vue-program/src/pages/film.vue
FN:53,(anonymous_1)
FN:54,(anonymous_2)
FN:63,(anonymous_4)
FN:64,(anonymous_5)
FN:66,(anonymous_6)
FN:72,(anonymous_7)
FN:81,(anonymous_8)
FN:82,(anonymous_9)
FNF:8
FNH:5
FNDA:4,(anonymous_1)
FNDA:4,(anonymous_2)
FNDA:4,(anonymous_4)
FNDA:4,(anonymous_5)
FNDA:4,(anonymous_6)
FNDA:0,(anonymous_7)
FNDA:0,(anonymous_8)
FNDA:0,(anonymous_9)
DA:42,1
DA:43,1
DA:44,1
DA:45,1
DA:54,4
DA:57,0
DA:63,4
DA:64,4
DA:67,4
DA:68,4
DA:73,0
DA:82,0
DA:89,0
LF:13
LH:9
BRDA:67,0,0,4
BRDA:67,0,1,0
BRF:2
BRH:1
end_of_record
TN:
SF:/Users/andrii_zakharchenko/Projects/vue-program/src/pages/home.vue
FN:110,(anonymous_1)
FN:125,(anonymous_2)
FN:132,(anonymous_3)
FN:133,(anonymous_4)
FN:134,(anonymous_5)
FN:135,(anonymous_6)
FN:138,(anonymous_7)
FN:141,(anonymous_8)
FN:146,(anonymous_9)
FN:149,(anonymous_10)
FN:153,(anonymous_11)
FN:160,(anonymous_12)
FN:174,(anonymous_13)
FN:185,(anonymous_14)
FN:188,(anonymous_15)
FN:194,(anonymous_16)
FN:205,(anonymous_17)
FN:208,(anonymous_18)
FN:217,(anonymous_19)
FN:220,(anonymous_20)
FN:225,(anonymous_21)
FN:227,(anonymous_22)
FN:238,(anonymous_23)
FN:243,(anonymous_24)
FNF:24
FNH:9
FNDA:1,(anonymous_1)
FNDA:1,(anonymous_2)
FNDA:1,(anonymous_3)
FNDA:1,(anonymous_4)
FNDA:1,(anonymous_5)
FNDA:0,(anonymous_6)
FNDA:1,(anonymous_7)
FNDA:0,(anonymous_8)
FNDA:1,(anonymous_9)
FNDA:0,(anonymous_10)
FNDA:0,(anonymous_11)
FNDA:0,(anonymous_12)
FNDA:0,(anonymous_13)
FNDA:0,(anonymous_14)
FNDA:0,(anonymous_15)
FNDA:4,(anonymous_16)
FNDA:0,(anonymous_17)
FNDA:1,(anonymous_18)
FNDA:0,(anonymous_19)
FNDA:0,(anonymous_20)
FNDA:0,(anonymous_21)
FNDA:0,(anonymous_22)
FNDA:0,(anonymous_23)
FNDA:0,(anonymous_24)
DA:92,1
DA:93,1
DA:94,1
DA:95,1
DA:96,1
DA:97,1
DA:98,1
DA:99,1
DA:111,1
DA:114,1
DA:116,1
DA:117,0
DA:118,0
DA:119,0
DA:122,1
DA:123,1
DA:125,1
DA:132,1
DA:133,1
DA:134,1
DA:135,0
DA:139,1
DA:142,0
DA:147,1
DA:150,0
DA:154,0
DA:155,0
DA:158,0
DA:161,0
DA:175,0
DA:177,0
DA:178,0
DA:180,0
DA:183,0
DA:186,0
DA:188,0
DA:189,0
DA:192,0
DA:195,4
DA:196,2
DA:198,2
DA:199,2
DA:202,0
DA:206,0
DA:209,1
DA:217,1
DA:219,0
DA:222,0
DA:227,0
DA:239,0
DA:240,0
DA:241,0
DA:244,0
LF:53
LH:25
BRDA:114,0,0,1
BRDA:114,0,1,1
BRDA:116,1,0,0
BRDA:116,1,1,1
BRDA:154,2,0,0
BRDA:154,2,1,0
BRDA:177,3,0,0
BRDA:177,3,1,0
BRDA:195,4,0,2
BRDA:195,4,1,2
BRDA:198,5,0,2
BRDA:198,5,1,0
BRF:12
BRH:6
end_of_record
