TN:
SF:/Users/andrii_zakharchenko/Projects/vue-program/src/App.vue
FNF:0
FNH:0
DA:14,0
DA:15,0
LF:2
LH:0
BRF:0
BRH:0
end_of_record
TN:
SF:/Users/andrii_zakharchenko/Projects/vue-program/src/main.js
FN:19,(anonymous_0)
FNF:1
FNH:0
FNDA:0,(anonymous_0)
DA:11,0
DA:12,0
DA:13,0
DA:14,0
DA:16,0
DA:19,0
LF:6
LH:0
BRF:0
BRH:0
end_of_record
TN:
SF:/Users/andrii_zakharchenko/Projects/vue-program/src/components/TheButton.vue
FN:15,(anonymous_1)
FNF:1
FNH:1
FNDA:5,(anonymous_1)
DA:15,5
LF:1
LH:1
BRF:0
BRH:0
end_of_record
TN:
SF:/Users/andrii_zakharchenko/Projects/vue-program/src/components/TheCard.vue
FN:43,(anonymous_1)
FN:51,(anonymous_2)
FN:55,(anonymous_3)
FN:59,(anonymous_4)
FN:64,(anonymous_5)
FNF:5
FNH:3
FNDA:0,(anonymous_1)
FNDA:17,(anonymous_2)
FNDA:17,(anonymous_3)
FNDA:9,(anonymous_4)
FNDA:0,(anonymous_5)
DA:43,0
DA:52,17
DA:53,17
DA:56,17
DA:57,17
DA:60,9
DA:65,0
LF:7
LH:5
BRDA:52,0,0,17
BRDA:52,0,1,0
BRDA:56,1,0,17
BRDA:56,1,1,0
BRF:4
BRH:2
end_of_record
TN:
SF:/Users/andrii_zakharchenko/Projects/vue-program/src/components/TheFooter.vue
FNF:0
FNH:0
DA:10,0
LF:1
LH:0
BRF:0
BRH:0
end_of_record
TN:
SF:/Users/andrii_zakharchenko/Projects/vue-program/src/components/TheHeader.vue
FNF:0
FNH:0
DA:13,0
LF:1
LH:0
BRF:0
BRH:0
end_of_record
TN:
SF:/Users/andrii_zakharchenko/Projects/vue-program/src/components/TheInput.vue
FN:17,(anonymous_1)
FN:22,(anonymous_2)
FNF:2
FNH:2
FNDA:2,(anonymous_1)
FNDA:1,(anonymous_2)
DA:18,2
DA:20,2
DA:23,1
LF:3
LH:3
BRF:0
BRH:0
end_of_record
TN:
SF:/Users/andrii_zakharchenko/Projects/vue-program/src/components/ThePagination.vue
FN:73,(anonymous_1)
FN:76,(anonymous_2)
FN:79,(anonymous_3)
FN:89,(anonymous_4)
FN:95,(anonymous_5)
FN:106,(anonymous_6)
FN:109,(anonymous_7)
FNF:7
FNH:7
FNDA:14,(anonymous_1)
FNDA:15,(anonymous_2)
FNDA:14,(anonymous_3)
FNDA:16,(anonymous_4)
FNDA:16,(anonymous_5)
FNDA:79,(anonymous_6)
FNDA:1,(anonymous_7)
DA:74,14
DA:77,15
DA:81,25
DA:83,3
DA:84,5
DA:87,1
DA:90,16
DA:91,17
DA:93,15
DA:96,16
DA:98,16
DA:99,74
DA:102,16
DA:107,79
DA:110,1
DA:112,0
DA:113,0
DA:115,0
DA:116,0
DA:118,0
DA:119,0
DA:121,0
DA:122,0
DA:123,0
DA:125,0
DA:126,0
DA:128,0
DA:129,0
DA:131,1
LF:29
LH:16
BRDA:81,0,0,25
BRDA:81,0,1,7
BRDA:83,1,0,0
BRDA:83,1,1,3
BRDA:84,2,0,2
BRDA:84,2,1,1
BRDA:90,3,0,0
BRDA:90,3,1,16
BRDA:91,4,0,1
BRDA:91,4,1,15
BRDA:111,5,0,0
BRDA:111,5,1,0
BRDA:111,5,2,0
BRDA:111,5,3,0
BRDA:111,5,4,1
BRDA:115,6,0,0
BRDA:115,6,1,0
BRDA:122,7,0,0
BRDA:122,7,1,0
BRF:19
BRH:9
end_of_record
TN:
SF:/Users/andrii_zakharchenko/Projects/vue-program/src/pages/film.vue
FN:53,(anonymous_1)
FN:54,(anonymous_2)
FN:63,(anonymous_4)
FN:64,(anonymous_5)
FN:66,(anonymous_6)
FN:72,(anonymous_7)
FN:81,(anonymous_8)
FN:82,(anonymous_9)
FNF:8
FNH:5
FNDA:4,(anonymous_1)
FNDA:4,(anonymous_2)
FNDA:4,(anonymous_4)
FNDA:4,(anonymous_5)
FNDA:4,(anonymous_6)
FNDA:0,(anonymous_7)
FNDA:0,(anonymous_8)
FNDA:0,(anonymous_9)
DA:42,1
DA:43,1
DA:44,1
DA:45,1
DA:54,4
DA:57,0
DA:63,4
DA:64,4
DA:67,4
DA:68,4
DA:73,0
DA:82,0
DA:89,0
LF:13
LH:9
BRDA:67,0,0,4
BRDA:67,0,1,0
BRF:2
BRH:1
end_of_record
TN:
SF:/Users/andrii_zakharchenko/Projects/vue-program/src/pages/home.vue
FN:111,(anonymous_1)
FN:126,(anonymous_2)
FN:133,(anonymous_3)
FN:134,(anonymous_4)
FN:135,(anonymous_5)
FN:136,(anonymous_6)
FN:139,(anonymous_7)
FN:142,(anonymous_8)
FN:147,(anonymous_9)
FN:150,(anonymous_10)
FN:154,(anonymous_11)
FN:161,(anonymous_12)
FN:164,(anonymous_13)
FN:178,(anonymous_14)
FN:189,(anonymous_15)
FN:192,(anonymous_16)
FN:198,(anonymous_17)
FN:209,(anonymous_18)
FN:212,(anonymous_19)
FN:221,(anonymous_20)
FN:224,(anonymous_21)
FN:229,(anonymous_22)
FN:231,(anonymous_23)
FN:242,(anonymous_24)
FN:247,(anonymous_25)
FNF:25
FNH:9
FNDA:1,(anonymous_1)
FNDA:1,(anonymous_2)
FNDA:1,(anonymous_3)
FNDA:1,(anonymous_4)
FNDA:1,(anonymous_5)
FNDA:0,(anonymous_6)
FNDA:1,(anonymous_7)
FNDA:0,(anonymous_8)
FNDA:1,(anonymous_9)
FNDA:0,(anonymous_10)
FNDA:0,(anonymous_11)
FNDA:0,(anonymous_12)
FNDA:0,(anonymous_13)
FNDA:0,(anonymous_14)
FNDA:0,(anonymous_15)
FNDA:0,(anonymous_16)
FNDA:4,(anonymous_17)
FNDA:0,(anonymous_18)
FNDA:1,(anonymous_19)
FNDA:0,(anonymous_20)
FNDA:0,(anonymous_21)
FNDA:0,(anonymous_22)
FNDA:0,(anonymous_23)
FNDA:0,(anonymous_24)
FNDA:0,(anonymous_25)
DA:93,1
DA:94,1
DA:95,1
DA:96,1
DA:97,1
DA:98,1
DA:99,1
DA:100,1
DA:112,1
DA:115,1
DA:117,1
DA:118,0
DA:119,0
DA:120,0
DA:123,1
DA:124,1
DA:126,1
DA:133,1
DA:134,1
DA:135,1
DA:136,0
DA:140,1
DA:143,0
DA:148,1
DA:151,0
DA:155,0
DA:156,0
DA:159,0
DA:162,0
DA:165,0
DA:179,0
DA:181,0
DA:182,0
DA:184,0
DA:187,0
DA:190,0
DA:192,0
DA:193,0
DA:196,0
DA:199,4
DA:200,2
DA:202,2
DA:203,2
DA:206,0
DA:210,0
DA:213,1
DA:221,1
DA:223,0
DA:226,0
DA:231,0
DA:243,0
DA:244,0
DA:245,0
DA:248,0
LF:54
LH:25
BRDA:115,0,0,1
BRDA:115,0,1,1
BRDA:117,1,0,0
BRDA:117,1,1,1
BRDA:155,2,0,0
BRDA:155,2,1,0
BRDA:181,3,0,0
BRDA:181,3,1,0
BRDA:199,4,0,2
BRDA:199,4,1,2
BRDA:202,5,0,2
BRDA:202,5,1,0
BRF:12
BRH:6
end_of_record
